<?xml version="1.0" encoding="UTF-8"?>
<!-- Generated by org.testng.reporters.JUnitXMLReporter -->
<testsuite ignored="0" hostname="Divyas-MBP" failures="0" tests="4" name="Command line test" time="5.05" errors="0" timestamp="2021-05-23T10:24:47 IST">
  <testcase classname="TestLibraryAPI" name="testAddBook" time="1.156"/>
  <testcase classname="TestLibraryAPI" name="testDeleteBook" time="0.606"/>
  <testcase classname="TestLibraryAPI" name="testGetBookByAuthor" time="0.7"/>
  <testcase classname="TestLibraryAPI" name="testGetBookByID" time="1.858"/>
</testsuite> <!-- Command line test -->
