<?xml version="1.0" encoding="UTF-8"?>
<testng-results ignored="0" total="4" passed="4" failed="0" skipped="0">
  <reporter-output>
  </reporter-output>
  <suite started-at="2021-05-23T10:24:42 IST" name="TestLibraryAPI" finished-at="2021-05-23T10:24:47 IST" duration-ms="5050">
    <groups>
    </groups>
    <test started-at="2021-05-23T10:24:42 IST" name="Command line test" finished-at="2021-05-23T10:24:47 IST" duration-ms="5050">
      <class name="TestLibraryAPI">
        <test-method is-config="true" signature="setup()[pri:0, instance:TestLibraryAPI@569cfc36]" started-at="2021-05-23T10:24:42 IST" name="setup" finished-at="2021-05-23T10:24:42 IST" duration-ms="514" status="PASS">
          <reporter-output>
          </reporter-output>
        </test-method> <!-- setup -->
        <test-method signature="testAddBook()[pri:0, instance:TestLibraryAPI@569cfc36]" started-at="2021-05-23T10:24:42 IST" name="testAddBook" finished-at="2021-05-23T10:24:44 IST" duration-ms="1156" status="PASS">
          <reporter-output>
          </reporter-output>
        </test-method> <!-- testAddBook -->
        <test-method is-config="true" signature="setup()[pri:0, instance:TestLibraryAPI@569cfc36]" started-at="2021-05-23T10:24:44 IST" name="setup" finished-at="2021-05-23T10:24:44 IST" duration-ms="93" status="PASS">
          <reporter-output>
          </reporter-output>
        </test-method> <!-- setup -->
        <test-method signature="testDeleteBook()[pri:0, instance:TestLibraryAPI@569cfc36]" started-at="2021-05-23T10:24:44 IST" name="testDeleteBook" finished-at="2021-05-23T10:24:44 IST" duration-ms="606" status="PASS">
          <reporter-output>
          </reporter-output>
        </test-method> <!-- testDeleteBook -->
        <test-method is-config="true" signature="setup()[pri:0, instance:TestLibraryAPI@569cfc36]" started-at="2021-05-23T10:24:44 IST" name="setup" finished-at="2021-05-23T10:24:44 IST" duration-ms="51" status="PASS">
          <reporter-output>
          </reporter-output>
        </test-method> <!-- setup -->
        <test-method signature="testGetBookByAuthor()[pri:0, instance:TestLibraryAPI@569cfc36]" started-at="2021-05-23T10:24:44 IST" name="testGetBookByAuthor" finished-at="2021-05-23T10:24:45 IST" duration-ms="700" status="PASS">
          <reporter-output>
          </reporter-output>
        </test-method> <!-- testGetBookByAuthor -->
        <test-method is-config="true" signature="setup()[pri:0, instance:TestLibraryAPI@569cfc36]" started-at="2021-05-23T10:24:45 IST" name="setup" finished-at="2021-05-23T10:24:45 IST" duration-ms="53" status="PASS">
          <reporter-output>
          </reporter-output>
        </test-method> <!-- setup -->
        <test-method signature="testGetBookByID()[pri:0, instance:TestLibraryAPI@569cfc36]" started-at="2021-05-23T10:24:45 IST" name="testGetBookByID" finished-at="2021-05-23T10:24:47 IST" duration-ms="1858" status="PASS">
          <reporter-output>
          </reporter-output>
        </test-method> <!-- testGetBookByID -->
      </class> <!-- TestLibraryAPI -->
    </test> <!-- Command line test -->
  </suite> <!-- TestLibraryAPI -->
</testng-results>
